     SMNE00FRA Site Information Form (site log)
     International GNSS Service
     See Instructions at:
       ftp://igscb.jpl.nasa.gov/pub/station/general/sitelog_instr.txt


0.   Form

     Prepared by (full name)  : RGP Team
     Date Prepared            : 2019-03-13
     Report Type              : UPDATE
     If Update:
      Previous Site Log       : smne00fra_20181017.log
      Modified/Added Sections : 3.16, 3.17


1.   Site Identification of the GNSS Monument

     Site Name                : Saint-Mande
     Four Character ID        : SMNE
     Monument Inscription     : NONE
     IERS DOMES Number        : 10001M007
     CDP Number               : NONE
     Monument Description     : REINFORCED CONCRETE PILLAR
       Height of the Monument : 1.2 m
       Monument Foundation    : BUILDING CONCRETE ROOF
       Foundation Depth       : (m)
     Marker Description       : TOP AND CENTRE OF THE CENTERING STAR
     Date Installed           : 2000-11-16T00:00Z
     Geologic Characteristic  : (BEDROCK/CLAY/CONGLOMERATE/GRAVEL/SAND/etc)
       Bedrock Type           : (IGNEOUS/METAMORPHIC/SEDIMENTARY)
       Bedrock Condition      : (FRESH/JOINTED/WEATHERED)
       Fracture Spacing       : (0 cm/1-10 cm/11-50 cm/51-200 cm/over 200 cm)
       Fault zones nearby     : NO
         Distance/activity    : (multiple lines)
     Additional Information   : (multiple lines)


2.   Site Location Information

     City or Town             : Saint-Mande
     State or Province        : Val de Marne
     Country                  : France
     Tectonic Plate           : EURASIAN
     Approximate Position (ITRF)
       X coordinate (m)       : 4201792.080
       Y coordinate (m)       : 177945.430
       Z coordinate (m)       : 4779286.870
       Latitude (N is +)      : +485040.00
       Longitude (E is +)     : +0022530.08
       Elevation (m,ellips.)  : 126.2
     Additional Information   : (multiple lines)


3.   GNSS Receiver Information

3.1  Receiver Type            : LEICA CRS1000
     Satellite System         : GPS
     Serial Number            : 30064
     Firmware Version         : 4.42
     Elevation Cutoff Setting : 5 deg
     Date Installed           : 2000-11-16
     Date Removed             : 2007-02-26
     Temperature Stabiliz.    : none
     Additional Information   : (multiple lines)

3.2  Receiver Type            : LEICA GRX1200PRO
     Satellite System         : GPS
     Serial Number            : 462892
     Firmware Version         : 5.0
     Elevation Cutoff Setting : 3 deg
     Date Installed           : 2007-02-26
     Date Removed             : 2008-04-28
     Temperature Stabiliz.    : none
     Additional Information   : (multiple lines)

3.3  Receiver Type            : LEICA GRX1200GGPRO
     Satellite System         : GPS+GLO
     Serial Number            : 355907
     Firmware Version         : 5.62
     Elevation Cutoff Setting : 3 deg
     Date Installed           : 2008-04-28
     Date Removed             : 2009-05-11
     Temperature Stabiliz.    : none
     Additional Information   : (multiple lines)

3.4  Receiver Type            : LEICA GRX1200GGPRO
     Satellite System         : GPS+GLO
     Serial Number            : 355907
     Firmware Version         : 7.50
     Elevation Cutoff Setting : 3 deg
     Date Installed           : 2009-05-11
     Date Removed             : 2010-09-29T12:00Z
     Temperature Stabiliz.    : none
     Additional Information   : (multiple lines)

3.5  Receiver Type            : LEICA GRX1200GGPRO
     Satellite System         : GPS+GLO
     Serial Number            : 355907
     Firmware Version         : 8.01
     Elevation Cutoff Setting : 3 deg
     Date Installed           : 2010-09-29T12:00Z
     Date Removed             : 2011-03-23T09:00Z
     Temperature Stabiliz.    : none
     Additional Information   : (multiple lines)

3.6  Receiver Type            : LEICA GRX1200GGPRO
     Satellite System         : GPS+GLO
     Serial Number            : 355907
     Firmware Version         : 8.10
     Elevation Cutoff Setting : 3 deg
     Date Installed           : 2011-03-23T09:00Z
     Date Removed             : 2011-05-05T09:00Z
     Temperature Stabiliz.    : none
     Additional Information   : (multiple lines)

3.7  Receiver Type            : TRIMBLE NETR9
     Satellite System         : GPS+GLO
     Serial Number            : 5049K72135
     Firmware Version         : 4.22
     Elevation Cutoff Setting : 3 deg
     Date Installed           : 2011-05-05T09:00Z
     Date Removed             : 2011-08-24T07:00Z
     Temperature Stabiliz.    : none
     Additional Information   : (multiple lines)

3.8  Receiver Type            : TRIMBLE NETR9
     Satellite System         : GPS+GLO+GAL+SBAS
     Serial Number            : 5049K72135
     Firmware Version         : 4.42
     Elevation Cutoff Setting : 3 deg
     Date Installed           : 2011-08-24T07:00Z
     Date Removed             : 2012-04-25T06:00Z
     Temperature Stabiliz.    : none
     Additional Information   : (multiple lines)

3.9  Receiver Type            : TRIMBLE NETR9
     Satellite System         : GPS+GLO+GAL+SBAS
     Serial Number            : 5049K72135
     Firmware Version         : 4.46
     Elevation Cutoff Setting : 3 deg
     Date Installed           : 2012-04-25T06:00Z
     Date Removed             : 2012-04-26T08:00Z
     Temperature Stabiliz.    : none
     Additional Information   : (multiple lines)

3.10 Receiver Type            : TRIMBLE NETR9
     Satellite System         : GPS+GLO+GAL+SBAS
     Serial Number            : 5049K72135
     Firmware Version         : 4.43
     Elevation Cutoff Setting : 3 deg
     Date Installed           : 2012-04-26T08:00Z
     Date Removed             : 2012-05-23T06:00Z
     Temperature Stabiliz.    : none
     Additional Information   : (multiple lines)

3.11 Receiver Type            : TRIMBLE NETR9
     Satellite System         : GPS+GLO+GAL+SBAS
     Serial Number            : 5049K72135
     Firmware Version         : 4.60
     Elevation Cutoff Setting : 3 deg
     Date Installed           : 2012-05-23T06:00Z
     Date Removed             : 2013-05-15T12:00Z
     Temperature Stabiliz.    : none
     Additional Information   : (multiple lines)

3.12 Receiver Type            : TRIMBLE NETR9
     Satellite System         : GPS+GLO+GAL+SBAS
     Serial Number            : 5049K72135
     Firmware Version         : 4.80
     Elevation Cutoff Setting : 3 deg
     Date Installed           : 2013-05-15T12:00Z
     Date Removed             : 2013-10-17T10:00Z
     Temperature Stabiliz.    : none
     Additional Information   : (multiple lines)

3.13 Receiver Type            : TRIMBLE NETR9
     Satellite System         : GPS+GLO+GAL+SBAS
     Serial Number            : 5049K72135
     Firmware Version         : 4.81
     Elevation Cutoff Setting : 3 deg
     Date Installed           : 2013-10-17T10:00Z
     Date Removed             : 2014-03-19T13:00Z
     Temperature Stabiliz.    : none
     Additional Information   : (multiple lines)

3.14 Receiver Type            : TRIMBLE NETR9
     Satellite System         : GPS+GLO+GAL+BDS+SBAS
     Serial Number            : 5049K72135
     Firmware Version         : 4.85
     Elevation Cutoff Setting : 3 deg
     Date Installed           : 2014-03-19T13:00Z
     Date Removed             : 2015-09-30T09:00Z
     Temperature Stabiliz.    : none
     Additional Information   : (multiple lines)

3.15 Receiver Type            : TRIMBLE NETR9
     Satellite System         : GPS+GLO+GAL+BDS+SBAS
     Serial Number            : 5049K72135
     Firmware Version         : 4.85
     Elevation Cutoff Setting : 0 deg
     Date Installed           : 2015-09-30T09:00Z
     Date Removed             : 2018-08-27T13:00Z
     Temperature Stabiliz.    : none
     Additional Information   : (multiple lines)

3.16 Receiver Type            : TRIMBLE NETR9
     Satellite System         : GPS+GLO+GAL+BDS+SBAS
     Serial Number            : 5049K72135
     Firmware Version         : 5.33
     Elevation Cutoff Setting : 0 deg
     Date Installed           : 2018-08-27T13:00Z
     Date Removed             : 2019-03-13T14:30Z
     Temperature Stabiliz.    : none
     Additional Information   : (multiple lines)

3.17 Receiver Type            : TRIMBLE NETR9
     Satellite System         : GPS+GLO+GAL+BDS+SBAS
     Serial Number            : 5049K72135
     Firmware Version         : 5.37
     Elevation Cutoff Setting : 0 deg
     Date Installed           : 2019-03-13T14:30Z
     Date Removed             : CCYY-MM-DDThh:mmZ
     Temperature Stabiliz.    : none
     Additional Information   : (multiple lines)

3.x  Receiver Type            : (A20, from rcvr_ant.tab; see instructions)
     Satellite System         : (GPS+GLO+GAL+BDS+QZSS+IRNSS+SBAS)
     Serial Number            : (A20, but note the first A5 is used in SINEX)
     Firmware Version         : (A11)
     Elevation Cutoff Setting : (deg)
     Date Installed           : (CCYY-MM-DDThh:mmZ)
     Date Removed             : (CCYY-MM-DDThh:mmZ)
     Temperature Stabiliz.    : (none or tolerance in degrees C)
     Additional Information   : (multiple lines)


4.   GNSS Antenna Information

4.1  Antenna Type             : LEIAT504        NONE
     Serial Number            : 646
     Antenna Reference Point  : BPA
     Marker->ARP Up Ecc. (m)  :   0.1390
     Marker->ARP North Ecc(m) :   0.0000
     Marker->ARP East Ecc(m)  :   0.0000
     Alignment from True N    : 0 deg
     Antenna Radome Type      : NONE
     Radome Serial Number     : 
     Antenna Cable Type       : (vendor & type number)
     Antenna Cable Length     : 30 m
     Date Installed           : 2000-11-16
     Date Removed             : 2008-04-28
     Additional Information   : (multiple lines)

4.2  Antenna Type             : LEIAT504GG      NONE
     Serial Number            : 200762
     Antenna Reference Point  : BPA
     Marker->ARP Up Ecc. (m)  :   0.1390
     Marker->ARP North Ecc(m) :   0.0000
     Marker->ARP East Ecc(m)  :   0.0000
     Alignment from True N    : 0 deg
     Antenna Radome Type      : NONE
     Radome Serial Number     : 
     Antenna Cable Type       : (vendor & type number)
     Antenna Cable Length     : 30 m
     Date Installed           : 2008-04-28
     Date Removed             : 2009-03-11
     Additional Information   : (multiple lines)

4.3  Antenna Type             : LEIAT504GG      NONE
     Serial Number            : 635
     Antenna Reference Point  : BPA
     Marker->ARP Up Ecc. (m)  :   0.1390
     Marker->ARP North Ecc(m) :   0.0000
     Marker->ARP East Ecc(m)  :   0.0000
     Alignment from True N    : 0 deg
     Antenna Radome Type      : NONE
     Radome Serial Number     : 
     Antenna Cable Type       : (vendor & type number)
     Antenna Cable Length     : 30 m
     Date Installed           : 2009-03-11T09:00Z
     Date Removed             : 2011-05-05T09:00Z
     Additional Information   : (multiple lines)

4.4  Antenna Type             : TRM55971.00     NONE
     Serial Number            : 1441023107
     Antenna Reference Point  : BAM
     Marker->ARP Up Ecc. (m)  :   0.1390
     Marker->ARP North Ecc(m) :   0.0000
     Marker->ARP East Ecc(m)  :   0.0000
     Alignment from True N    : 0 deg
     Antenna Radome Type      : NONE
     Radome Serial Number     : 
     Antenna Cable Type       : (vendor & type number)
     Antenna Cable Length     : 30 m
     Date Installed           : 2011-05-05T09:00Z
     Date Removed             : CCYY-MM-DDThh:mmZ
     Additional Information   : (multiple lines)

4.x  Antenna Type             : (A20, from rcvr_ant.tab; see instructions)
     Serial Number            : (A*, but note the first A5 is used in SINEX)
     Antenna Reference Point  : (BPA/BCR/XXX from "antenna.gra"; see instr.)
     Marker->ARP Up Ecc. (m)  : (F8.4)
     Marker->ARP North Ecc(m) : (F8.4)
     Marker->ARP East Ecc(m)  : (F8.4)
     Alignment from True N    : (deg; + is clockwise/east)
     Antenna Radome Type      : (A4 from rcvr_ant.tab; see instructions)
     Radome Serial Number     : 
     Antenna Cable Type       : (vendor & type number)
     Antenna Cable Length     : (m)
     Date Installed           : (CCYY-MM-DDThh:mmZ)
     Date Removed             : (CCYY-MM-DDThh:mmZ)
     Additional Information   : (multiple lines)


5.   Surveyed Local Ties

5.x  Tied Marker Name         : 
     Tied Marker Usage        : (SLR/VLBI/LOCAL CONTROL/FOOTPRINT/etc)
     Tied Marker CDP Number   : (A4)
     Tied Marker DOMES Number : (A9)
     Differential Components from GNSS Marker to the tied monument (ITRS)
       dx (m)                 : (m)
       dy (m)                 : (m)
       dz (m)                 : (m)
     Accuracy (mm)            : (mm)
     Survey method            : (GPS CAMPAIGN/TRILATERATION/TRIANGULATION/etc)
     Date Measured            : (CCYY-MM-DDThh:mmZ)
     Additional Information   : (multiple lines)


6.   Frequency Standard

6.1  Standard Type            : INTERNAL 
       Input Frequency        : (if external)
       Effective Dates        : 2000-01-22/CCYY-MM-DD
       Notes                  : (multiple lines)

6.x  Standard Type            : (INTERNAL or EXTERNAL H-MASER/CESIUM/etc)
       Input Frequency        : (if external)
       Effective Dates        : (CCYY-MM-DD/CCYY-MM-DD)
       Notes                  : (multiple lines)


7.   Collocation Information

7.x  Instrumentation Type     : (GPS/GLONASS/DORIS/PRARE/SLR/VLBI/TIME/etc)
       Status                 : (PERMANENT/MOBILE)
       Effective Dates        : (CCYY-MM-DD/CCYY-MM-DD)
       Notes                  : (multiple lines)


8.   Meteorological Instrumentation

8.1.x  Humidity Sensor Model  : 
       Manufacturer           : 
       Serial Number          : 
       Data Sampling Interval : (sec)
       Accuracy (% rel h)     : (% rel h)
       Aspiration             : (UNASPIRATED/NATURAL/FAN/etc)
       Height Diff to Ant     : (m)
       Calibration date       : (CCYY-MM-DD)
       Effective Dates        : (CCYY-MM-DD/CCYY-MM-DD)
       Notes                  : (multiple lines)

8.2.x  Pressure Sensor Model  : 
       Manufacturer           : 
       Serial Number          : 
       Data Sampling Interval : (sec)
       Accuracy               : (hPa)
       Height Diff to Ant     : (m)
       Calibration date       : (CCYY-MM-DD)
       Effective Dates        : (CCYY-MM-DD/CCYY-MM-DD)
       Notes                  : (multiple lines)

8.3.x  Temp. Sensor Model     : 
       Manufacturer           : 
       Serial Number          : 
       Data Sampling Interval : (sec)
       Accuracy               : (deg C)
       Aspiration             : (UNASPIRATED/NATURAL/FAN/etc)
       Height Diff to Ant     : (m)
       Calibration date       : (CCYY-MM-DD)
       Effective Dates        : (CCYY-MM-DD/CCYY-MM-DD)
       Notes                  : (multiple lines)

8.4.x  Water Vapor Radiometer : 
       Manufacturer           : 
       Serial Number          : 
       Distance to Antenna    : (m)
       Height Diff to Ant     : (m)
       Calibration date       : (CCYY-MM-DD)
       Effective Dates        : (CCYY-MM-DD/CCYY-MM-DD)
       Notes                  : (multiple lines)

8.5.x  Other Instrumentation  : (multiple lines)


9.   Local Ongoing Conditions Possibly Affecting Computed Position

9.1.x  Radio Interferences    : (TV/CELL PHONE ANTENNA/RADAR/etc)
       Observed Degradations  : (SN RATIO/DATA GAPS/etc)
       Effective Dates        : (CCYY-MM-DD/CCYY-MM-DD)
       Additional Information : (multiple lines)

9.2.x  Multipath Sources      : (METAL ROOF/DOME/VLBI ANTENNA/etc)
       Effective Dates        : (CCYY-MM-DD/CCYY-MM-DD)
       Additional Information : (multiple lines)

9.3.x  Signal Obstructions    : (TREES/BUILDINGS/etc)
       Effective Dates        : (CCYY-MM-DD/CCYY-MM-DD)
       Additional Information : (multiple lines)


10.  Local Episodic Effects Possibly Affecting Data Quality

10.x  Date                    : (CCYY-MM-DD/CCYY-MM-DD)
      Event                   : (TREE CLEARING/CONSTRUCTION/etc)


11.  On-Site, Point of Contact Agency Information

     Agency                   : Institut National de l'Information Geographique
                              :  et Forestiere
                              : Geodetic and levelling department (SGN)
     Preferred Abbreviation   : IGN_RGP
     Mailing Address          : avenue de Paris 73
                              : 94165 Saint-Mande Cedex
                              : France
     Primary Contact
       Contact Name           : RGP Team
       Telephone (primary)    : +33 1 43 98 83 39
       Telephone (secondary)  : 
       Fax                    : +33 1 43 98 84 50
       E-mail                 : rgpadmin@ign.fr
     Secondary Contact
       Contact Name           : 
       Telephone (primary)    : 
       Telephone (secondary)  : 
       Fax                    : 
       E-mail                 : 
     Additional Information   : (multiple lines)




12.  Responsible Agency (if different from 11.)

     Agency                   : (multiple lines)
     Preferred Abbreviation   : (A10)
     Mailing Address          : (multiple lines)
     Primary Contact
       Contact Name           : 
       Telephone (primary)    : 
       Telephone (secondary)  : 
       Fax                    : 
       E-mail                 : 
     Secondary Contact
       Contact Name           : 
       Telephone (primary)    : 
       Telephone (secondary)  : 
       Fax                    : 
       E-mail                 : 
     Additional Information   : (multiple lines)


13.  More Information

     Primary Data Center      : IGNE
     Secondary Data Center    : BKG
     URL for More Information : http://rgp.ign.fr
     Hardcopy on File
       Site Map               : http://rgp.ign.fr
       Site Diagram           : (Y)
       Horizon Mask           : (Y)
       Monument Description   : (Y)
       Site Pictures          : http://rgp.ign.fr
     Additional Information   : (multiple lines)
     Antenna Graphics with Dimensions

LEIAT504GG

                            +-------+                        <-- 0.1393
                          /
                         |             |
       +-----------------+-------------+-----------------+   <-- 0.1012 TCR
       |                                                 |
       |                                                 |
       |                                                 |
       |                                                 |
     +-+-------------------------------------------------+-+ <-- 0.0378
     +-------------------+-------------+-------------------+ <-- 0.0345 BCR
                         |             |
                         |             |
                      |--+=====| |=====+---|                 <-- 0.0 BPA=ARP
                      |        | |         |
                      |                    |
                      |                    |
          ____________|_________ __________|____________
         |----------------------v-----------------------|<------------- 0.139
         |                                              |
         |                                              |
         |                                              |
         |               Concrete pillar                |
         |                                              |
         |                                              |
         |                                              |
